#
# A fatal error has been detected by the Java Runtime Environment:
#
#  Internal Error (javaClasses.cpp:136), pid=5380, tid=1936
#  fatal error: Invalid layout of preloaded class
#
# JRE version:  (7.0_51-b13) (build )
# Java VM: Java HotSpot(TM) 64-Bit Server VM (24.51-b03 mixed mode windows-amd64 compressed oops)
# Failed to write core dump. Minidumps are not enabled by default on client versions of Windows
#
# If you would like to submit a bug report, please visit:
#   http://bugreport.sun.com/bugreport/crash.jsp
#

---------------  T H R E A D  ---------------

Current thread (0x00000000025b2800):  JavaThread "Unknown thread" [_thread_in_vm, id=1936, stack(0x00000000024b0000,0x00000000025b0000)]

Stack: [0x00000000024b0000,0x00000000025b0000]

---------------  P R O C E S S  ---------------

Java Threads: ( => current thread )

Other Threads:

=>0x00000000025b2800 (exited) JavaThread "Unknown thread" [_thread_in_vm, id=1936, stack(0x00000000024b0000,0x00000000025b0000)]

VM state:not at safepoint (not fully initialized)

VM Mutex/Monitor currently owned by a thread: None

GC Heap History (0 events):
No events

Deoptimization events (0 events):
No events

Internal exceptions (0 events):
No events

Events (10 events):
Event: 0.035 loading class 0x00000000025ff6d0 done
Event: 0.035 loading class 0x00000000025ff0f0 done
Event: 0.035 loading class 0x00000000025ff0d0
Event: 0.035 loading class 0x00000000026071d0
Event: 0.035 loading class 0x00000000026071d0 done
Event: 0.035 loading class 0x0000000002607200
Event: 0.035 loading class 0x0000000002607200 done
Event: 0.035 loading class 0x0000000002607230
Event: 0.035 loading class 0x0000000002607230 done
Event: 0.036 loading class 0x00000000025ff0d0 done


Dynamic libraries:
0x000007f649cd0000 - 0x000007f649d03000 	C:\Program Files\Java\jre7\bin\javaw.exe
0x000007f967540000 - 0x000007f967700000 	C:\Windows\SYSTEM32\ntdll.dll
0x000007f966560000 - 0x000007f966696000 	C:\Windows\system32\KERNEL32.DLL
0x000007f9644c0000 - 0x000007f9645b3000 	C:\Windows\system32\KERNELBASE.dll
0x000007f966330000 - 0x000007f96640e000 	C:\Windows\system32\ADVAPI32.dll
0x000007f964c70000 - 0x000007f964dbc000 	C:\Windows\system32\USER32.dll
0x000007f961f40000 - 0x000007f9621aa000 	C:\Windows\WinSxS\amd64_microsoft.windows.common-controls_6595b64144ccf1df_6.0.9200.16579_none_418ab7ef718b27ef\COMCTL32.dll
0x000007f966d40000 - 0x000007f966de5000 	C:\Windows\system32\msvcrt.dll
0x000007f964a10000 - 0x000007f964a58000 	C:\Windows\SYSTEM32\sechost.dll
0x000007f966410000 - 0x000007f966555000 	C:\Windows\system32\RPCRT4.dll
0x000007f967240000 - 0x000007f967381000 	C:\Windows\system32\GDI32.dll
0x000007f967150000 - 0x000007f967189000 	C:\Windows\system32\IMM32.DLL
0x000007f964dc0000 - 0x000007f964ed6000 	C:\Windows\system32\MSCTF.dll
0x0000000065eb0000 - 0x0000000065f82000 	C:\Program Files\Java\jre7\bin\msvcr100.dll
0x0000000063800000 - 0x0000000063fc9000 	C:\Program Files\Java\jre7\bin\server\jvm.dll
0x000007f958490000 - 0x000007f958499000 	C:\Windows\SYSTEM32\WSOCK32.dll
0x000007f960260000 - 0x000007f960280000 	C:\Windows\SYSTEM32\WINMM.dll
0x000007f964930000 - 0x000007f964937000 	C:\Windows\system32\PSAPI.DLL
0x000007f964c10000 - 0x000007f964c68000 	C:\Windows\system32\WS2_32.dll
0x000007f9600d0000 - 0x000007f960103000 	C:\Windows\SYSTEM32\WINMMBASE.dll
0x000007f965040000 - 0x000007f965049000 	C:\Windows\system32\NSI.dll
0x000007f964880000 - 0x000007f9648cf000 	C:\Windows\SYSTEM32\cfgmgr32.dll
0x000007f9645c0000 - 0x000007f9645e2000 	C:\Windows\system32\DEVOBJ.dll
0x0000000065ea0000 - 0x0000000065eaf000 	C:\Program Files\Java\jre7\bin\verify.dll
0x0000000065940000 - 0x0000000065968000 	C:\Program Files\Java\jre7\bin\java.dll
0x0000000065920000 - 0x0000000065935000 	C:\Program Files\Java\jre7\bin\zip.dll

VM Arguments:
jvm_args: -Dfile.encoding=MS950_HKSCS -Xbootclasspath:C:\Users\User\Desktop\adt-bundle-windows-x86_64-20131030\adt-bundle-windows-x86_64-20131030\sdk\platforms\android-19\android.jar 
java_command: org.eclipse.jdt.internal.junit.runner.RemoteTestRunner -version 3 -port 53357 -testLoaderClass org.eclipse.jdt.internal.junit.runner.junit3.JUnit3TestLoader -loaderpluginname org.eclipse.jdt.junit.runtime -classNames comp3111.event.EventListTest
Launcher Type: SUN_STANDARD

Environment Variables:
PATH=C:\Program Files (x86)\Intel\iCLS Client\;C:\Program Files\Intel\iCLS Client\;C:\Program Files (x86)\NVIDIA Corporation\PhysX\Common;C:\Windows\system32;C:\Windows;C:\Windows\System32\Wbem;C:\Windows\System32\WindowsPowerShell\v1.0\;C:\Program Files (x86)\Windows Live\Shared;C:\Program Files (x86)\Intel\OpenCL SDK\3.0\bin\x86;C:\Program Files (x86)\Intel\OpenCL SDK\3.0\bin\x64;C:\Program Files\Intel\Intel(R) Management Engine Components\DAL;C:\Program Files\Intel\Intel(R) Management Engine Components\IPT;C:\Program Files (x86)\Intel\Intel(R) Management Engine Components\DAL;C:\Program Files (x86)\Intel\Intel(R) Management Engine Components\IPT
USERNAME=User
OS=Windows_NT
PROCESSOR_IDENTIFIER=Intel64 Family 6 Model 60 Stepping 3, GenuineIntel



---------------  S Y S T E M  ---------------

OS: Windows 8 , 64 bit Build 9200 

CPU:total 8 (4 cores per cpu, 2 threads per core) family 6 model 60 stepping 3, cmov, cx8, fxsr, mmx, sse, sse2, sse3, ssse3, sse4.1, sse4.2, popcnt, avx, avx2, aes, erms, ht, tsc, tscinvbit

Memory: 4k page, physical 8225972k(4978100k free), swap 9471156k(5461172k free)

vm_info: Java HotSpot(TM) 64-Bit Server VM (24.51-b03) for windows-amd64 JRE (1.7.0_51-b13), built on Dec 18 2013 18:40:56 by "java_re" with unknown MS VC++:1600

time: Mon Mar 03 21:32:45 2014
elapsed time: 0 seconds

